This is pdfTeX, Version 3.1415926-1.40.10 (TeX Live 2009) (format=pdflatex 2009.11.7)  9 FEB 2011 00:40
entering extended mode
 \write18 enabled.
 file:line:error style messages enabled.
 %&-line parsing enabled.
**main.tex
(./main.tex
LaTeX2e <2009/09/24>
Babel <v3.8l> and hyphenation patterns for english, usenglishmax, dumylang, noh
yphenation, german-x-2009-06-19, ngerman-x-2009-06-19, ancientgreek, ibycus, ar
abic, basque, bulgarian, catalan, pinyin, coptic, croatian, czech, danish, dutc
h, esperanto, estonian, farsi, finnish, french, galician, german, ngerman, mono
greek, greek, hungarian, icelandic, indonesian, interlingua, irish, italian, ku
rmanji, latin, latvian, lithuanian, mongolian, mongolian2a, bokmal, nynorsk, po
lish, portuguese, romanian, russian, sanskrit, serbian, slovak, slovenian, span
ish, swedish, turkish, ukenglish, ukrainian, uppersorbian, welsh, loaded.
(./sig-alternate.cls
(/usr/local/texlive/2009/texmf-dist/tex/latex/graphics/epsfig.sty
Package: epsfig 1999/02/16 v1.7a (e)psfig emulation (SPQR)

(/usr/local/texlive/2009/texmf-dist/tex/latex/graphics/graphicx.sty
Package: graphicx 1999/02/16 v1.0f Enhanced LaTeX Graphics (DPC,SPQR)

(/usr/local/texlive/2009/texmf-dist/tex/latex/graphics/keyval.sty
Package: keyval 1999/03/16 v1.13 key=value parser (DPC)
\KV@toks@=\toks14
)
(/usr/local/texlive/2009/texmf-dist/tex/latex/graphics/graphics.sty
Package: graphics 2009/02/05 v1.0o Standard LaTeX Graphics (DPC,SPQR)

(/usr/local/texlive/2009/texmf-dist/tex/latex/graphics/trig.sty
Package: trig 1999/03/16 v1.09 sin cos tan (DPC)
)
(/usr/local/texlive/2009/texmf-dist/tex/latex/latexconfig/graphics.cfg
File: graphics.cfg 2009/08/28 v1.8 graphics configuration of TeX Live
)
Package graphics Info: Driver file: pdftex.def on input line 91.

(/usr/local/texlive/2009/texmf-dist/tex/latex/pdftex-def/pdftex.def
File: pdftex.def 2009/08/25 v0.04m Graphics/color for pdfTeX
\Gread@gobject=\count79
))
\Gin@req@height=\dimen102
\Gin@req@width=\dimen103
)
\epsfxsize=\dimen104
\epsfysize=\dimen105
)
(/usr/local/texlive/2009/texmf-dist/tex/latex/amsfonts/amssymb.sty
Package: amssymb 2009/06/22 v3.00

(/usr/local/texlive/2009/texmf-dist/tex/latex/amsfonts/amsfonts.sty
Package: amsfonts 2009/06/22 v3.00 Basic AMSFonts support
\@emptytoks=\toks15
\symAMSa=\mathgroup4
\symAMSb=\mathgroup5
LaTeX Font Info:    Overwriting math alphabet `\mathfrak' in version `bold'
(Font)                  U/euf/m/n --> U/euf/b/n on input line 96.
))
(/usr/local/texlive/2009/texmf-dist/tex/latex/amsmath/amsmath.sty
Package: amsmath 2000/07/18 v2.13 AMS math features
\@mathmargin=\skip41

For additional information on amsmath, use the `?' option.
(/usr/local/texlive/2009/texmf-dist/tex/latex/amsmath/amstext.sty
Package: amstext 2000/06/29 v2.01

(/usr/local/texlive/2009/texmf-dist/tex/latex/amsmath/amsgen.sty
File: amsgen.sty 1999/11/30 v2.0
\@emptytoks=\toks16
\ex@=\dimen106
))
(/usr/local/texlive/2009/texmf-dist/tex/latex/amsmath/amsbsy.sty
Package: amsbsy 1999/11/29 v1.2d
\pmbraise@=\dimen107
)
(/usr/local/texlive/2009/texmf-dist/tex/latex/amsmath/amsopn.sty
Package: amsopn 1999/12/14 v2.01 operator names
)
\inf@bad=\count80
LaTeX Info: Redefining \frac on input line 211.
\uproot@=\count81
\leftroot@=\count82
LaTeX Info: Redefining \overline on input line 307.
\classnum@=\count83
\DOTSCASE@=\count84
LaTeX Info: Redefining \ldots on input line 379.
LaTeX Info: Redefining \dots on input line 382.
LaTeX Info: Redefining \cdots on input line 467.
\Mathstrutbox@=\box26
\strutbox@=\box27
\big@size=\dimen108
LaTeX Font Info:    Redeclaring font encoding OML on input line 567.
LaTeX Font Info:    Redeclaring font encoding OMS on input line 568.
\macc@depth=\count85
\c@MaxMatrixCols=\count86
\dotsspace@=\muskip10
\c@parentequation=\count87
\dspbrk@lvl=\count88
\tag@help=\toks17
\row@=\count89
\column@=\count90
\maxfields@=\count91
\andhelp@=\toks18
\eqnshift@=\dimen109
\alignsep@=\dimen110
\tagshift@=\dimen111
\tagwidth@=\dimen112
\totwidth@=\dimen113
\lineht@=\dimen114
\@envbody=\toks19
\multlinegap=\skip42
\multlinetaggap=\skip43
\mathdisplay@stack=\toks20
LaTeX Info: Redefining \[ on input line 2666.
LaTeX Info: Redefining \] on input line 2667.
)
Document Class 'sig-alternate' <22nd. April '09>. Modified by G.K.M. Tobin/Gerr
y Murray
Based in part upon document Style `acmconf' <22 May 89>. Hacked 4/91 by
shivers@cs.cmu.edu, 4/93 by theobald@cs.mcgill.ca
Excerpts were taken from (Journal Style) 'esub2acm.cls'.
****** Bugs/comments/suggestions/technicalities to Gerry Murray -- murray@hq.ac
m.org ******
Questions on the style, SIGS policies, etc. to Adrienne Griscti griscti@acm.org

\footheight=\dimen115
\@maxsep=\dimen116
\@dblmaxsep=\dimen117
\aucount=\count92
\originalaucount=\count93
\auwidth=\dimen118
\auskip=\dimen119
\auskipcount=\count94
\auskip=\dimen120
\allauboxes=\dimen121
\addauthors=\toks21
\addauflag=\count95
\subtitletext=\toks22
\savesection=\count96
\sectioncntr=\count97
\c@figure=\count98
\c@table=\count99
\titleboxnotes=\toks23
\titleboxnoteflag=\count100
Document Class: sig-alternate 2009/04/22 - V2.4 - based on acmproc.cls V1.3 <No
v. 30 '99>
(/usr/local/texlive/2009/texmf-dist/tex/latex/base/latexsym.sty
Package: latexsym 1998/08/17 v2.2e Standard LaTeX package (lasy symbols)
\symlasy=\mathgroup6
LaTeX Font Info:    Overwriting symbol font `lasy' in version `bold'
(Font)                  U/lasy/m/n --> U/lasy/b/n on input line 47.
)
\@acmtitlebox=\box28
\titlenotecount=\count101
\tntoks=\toks24
\tntokstwo=\toks25
\tntoksthree=\toks26
\tntoksfour=\toks27
\tntoksfive=\toks28
\catcount=\count102
\copyrightnotice=\toks29
\conf=\toks30
\confinfo=\toks31
\c@part=\count103
\c@section=\count104
\c@subsection=\count105
\c@subsubsection=\count106
\c@paragraph=\count107

Using 'Abbrev' bibliography style
LaTeX Info: Redefining \cite on input line 1211.
\bibindent=\dimen122
\colcntr=\count108
\saveb@x=\box29
\copyrtyr=\toks32
\acmcopyr=\toks33
\boilerplate=\toks34
\copyrightetc=\toks35
(/usr/local/texlive/2009/texmf-dist/tex/latex/base/fontenc.sty
Package: fontenc 2005/09/27 v1.99g Standard LaTeX package

(/usr/local/texlive/2009/texmf-dist/tex/latex/base/t1enc.def
File: t1enc.def 2005/09/27 v1.99g Standard LaTeX file
LaTeX Font Info:    Redeclaring font encoding T1 on input line 43.
)
LaTeX Font Info:    Try loading font information for T1+aer on input line 100.

(/usr/local/texlive/2009/texmf-dist/tex/latex/ae/t1aer.fd
File: t1aer.fd 1997/11/16 Font definitions for T1/aer.
)))
(/usr/local/texlive/2009/texmf-dist/tex/latex/fancyhdr/fancyhdr.sty
\fancy@headwidth=\skip44
\f@ncyO@elh=\skip45
\f@ncyO@erh=\skip46
\f@ncyO@olh=\skip47
\f@ncyO@orh=\skip48
\f@ncyO@elf=\skip49
\f@ncyO@erf=\skip50
\f@ncyO@olf=\skip51
\f@ncyO@orf=\skip52
)
(/usr/local/texlive/2009/texmf-dist/tex/latex/graphics/color.sty
Package: color 2005/11/14 v1.0j Standard LaTeX Color (DPC)

(/usr/local/texlive/2009/texmf-dist/tex/latex/latexconfig/color.cfg
File: color.cfg 2007/01/18 v1.5 color configuration of teTeX/TeXLive
)
Package color Info: Driver file: pdftex.def on input line 130.
)
(./ownstyles.sty)
(/usr/local/texlive/2009/texmf-dist/tex/latex/hyperref/hyperref.sty
Package: hyperref 2009/10/09 v6.79a Hypertext links for LaTeX

(/usr/local/texlive/2009/texmf-dist/tex/generic/oberdiek/ifpdf.sty
Package: ifpdf 2009/04/10 v2.0 Provides the ifpdf switch (HO)
Package ifpdf Info: pdfTeX in pdf mode detected.
)
(/usr/local/texlive/2009/texmf-dist/tex/generic/oberdiek/ifvtex.sty
Package: ifvtex 2008/11/04 v1.4 Switches for detecting VTeX and its modes (HO)
Package ifvtex Info: VTeX not detected.
)
(/usr/local/texlive/2009/texmf-dist/tex/generic/ifxetex/ifxetex.sty
Package: ifxetex 2009/01/23 v0.5 Provides ifxetex conditional
)
(/usr/local/texlive/2009/texmf-dist/tex/latex/oberdiek/hycolor.sty
Package: hycolor 2009/10/02 v1.5 Code for color options of hyperref/bookmark (H
O)

(/usr/local/texlive/2009/texmf-dist/tex/latex/oberdiek/xcolor-patch.sty
Package: xcolor-patch 2009/10/02 xcolor patch
))
\@linkdim=\dimen123
\Hy@linkcounter=\count109
\Hy@pagecounter=\count110

(/usr/local/texlive/2009/texmf-dist/tex/latex/hyperref/pd1enc.def
File: pd1enc.def 2009/10/09 v6.79a Hyperref: PDFDocEncoding definition (HO)
)
(/usr/local/texlive/2009/texmf-dist/tex/generic/oberdiek/etexcmds.sty
Package: etexcmds 2007/12/12 v1.2 Prefix for e-TeX command names (HO)

(/usr/local/texlive/2009/texmf-dist/tex/generic/oberdiek/infwarerr.sty
Package: infwarerr 2007/09/09 v1.2 Providing info/warning/message (HO)
)
Package etexcmds Info: Could not find \expanded.
(etexcmds)             That can mean that you are not using pdfTeX 1.50 or
(etexcmds)             that some package has redefined \expanded.
(etexcmds)             In the latter case, load this package earlier.
)

Package hyperref Warning: Height of page (\paperheight) is invalid (0.0pt),
(hyperref)                using 11in.

(/usr/local/texlive/2009/texmf-dist/tex/latex/latexconfig/hyperref.cfg
File: hyperref.cfg 2002/06/06 v1.2 hyperref configuration of TeXLive
)
(/usr/local/texlive/2009/texmf-dist/tex/latex/oberdiek/kvoptions.sty
Package: kvoptions 2009/08/13 v3.4 Keyval support for LaTeX options (HO)

(/usr/local/texlive/2009/texmf-dist/tex/generic/oberdiek/kvsetkeys.sty
Package: kvsetkeys 2009/07/30 v1.5 Key value parser with default handler suppor
t (HO)
))
Package hyperref Info: Hyper figures OFF on input line 2975.
Package hyperref Info: Link nesting OFF on input line 2980.
Package hyperref Info: Hyper index ON on input line 2983.
Package hyperref Info: Plain pages OFF on input line 2990.
Package hyperref Info: Backreferencing OFF on input line 2995.

Implicit mode ON; LaTeX internals redefined
Package hyperref Info: Bookmarks ON on input line 3191.
(/usr/local/texlive/2009/texmf-dist/tex/latex/ltxmisc/url.sty
\Urlmuskip=\muskip11
Package: url 2006/04/12  ver 3.3  Verb mode for urls, etc.
)
LaTeX Info: Redefining \url on input line 3428.

(/usr/local/texlive/2009/texmf-dist/tex/generic/oberdiek/bitset.sty
Package: bitset 2007/09/28 v1.0 Data type bit set (HO)

(/usr/local/texlive/2009/texmf-dist/tex/generic/oberdiek/intcalc.sty
Package: intcalc 2007/09/27 v1.1 Expandable integer calculations (HO)
)
(/usr/local/texlive/2009/texmf-dist/tex/generic/oberdiek/bigintcalc.sty
Package: bigintcalc 2007/11/11 v1.1 Expandable big integer calculations (HO)

(/usr/local/texlive/2009/texmf-dist/tex/generic/oberdiek/pdftexcmds.sty
Package: pdftexcmds 2009/09/23 v0.6 LuaTeX support for pdfTeX utility functions
 (HO)

(/usr/local/texlive/2009/texmf-dist/tex/generic/oberdiek/ifluatex.sty
Package: ifluatex 2009/04/17 v1.2 Provides the ifluatex switch (HO)
Package ifluatex Info: LuaTeX not detected.
)
(/usr/local/texlive/2009/texmf-dist/tex/generic/oberdiek/ltxcmds.sty
Package: ltxcmds 2009/08/05 v1.0 Some LaTeX kernel commands for general use (HO
)
)
Package pdftexcmds Info: LuaTeX not detected.
Package pdftexcmds Info: \pdf@primitive is available.
Package pdftexcmds Info: \pdf@ifprimitive is available.
)))
\Fld@menulength=\count111
\Field@Width=\dimen124
\Fld@charsize=\dimen125
\Field@toks=\toks36
Package hyperref Info: Hyper figures OFF on input line 4377.
Package hyperref Info: Link nesting OFF on input line 4382.
Package hyperref Info: Hyper index ON on input line 4385.
Package hyperref Info: backreferencing OFF on input line 4392.
Package hyperref Info: Link coloring OFF on input line 4397.
Package hyperref Info: Link coloring with OCG OFF on input line 4402.
Package hyperref Info: PDF/A mode OFF on input line 4407.

(/usr/local/texlive/2009/texmf-dist/tex/generic/oberdiek/atbegshi.sty
Package: atbegshi 2008/07/31 v1.9 At begin shipout hook (HO)
)

Package hyperref Warning: Option `pdfpagelabels' is turned off
(hyperref)                because \thepage is undefined.

\c@Item=\count112
\c@Hfootnote=\count113
)
*hyperref using default driver hpdftex*
(/usr/local/texlive/2009/texmf-dist/tex/latex/hyperref/hpdftex.def
File: hpdftex.def 2009/10/09 v6.79a Hyperref driver for pdfTeX
\Fld@listcount=\count114
) (./main.aux)
\openout1 = `main.aux'.

LaTeX Font Info:    Checking defaults for OML/cmm/m/it on input line 64.
LaTeX Font Info:    ... okay on input line 64.
LaTeX Font Info:    Checking defaults for T1/cmr/m/n on input line 64.
LaTeX Font Info:    ... okay on input line 64.
LaTeX Font Info:    Checking defaults for OT1/cmr/m/n on input line 64.
LaTeX Font Info:    ... okay on input line 64.
LaTeX Font Info:    Checking defaults for OMS/cmsy/m/n on input line 64.
LaTeX Font Info:    ... okay on input line 64.
LaTeX Font Info:    Checking defaults for OMX/cmex/m/n on input line 64.
LaTeX Font Info:    ... okay on input line 64.
LaTeX Font Info:    Checking defaults for U/cmr/m/n on input line 64.
LaTeX Font Info:    ... okay on input line 64.
LaTeX Font Info:    Checking defaults for PD1/pdf/m/n on input line 64.
LaTeX Font Info:    ... okay on input line 64.
 (/usr/local/texlive/2009/texmf-dist/tex/context/base/supp-pdf.mkii
[Loading MPS to PDF converter (version 2006.09.02).]
\scratchcounter=\count115
\scratchdimen=\dimen126
\scratchbox=\box30
\nofMPsegments=\count116
\nofMParguments=\count117
\everyMPshowfont=\toks37
\MPscratchCnt=\count118
\MPscratchDim=\dimen127
\MPnumerator=\count119
\everyMPtoPDFconversion=\toks38
)
Package hyperref Info: Link coloring OFF on input line 64.
 (/usr/local/texlive/2009/texmf-dist/tex/latex/hyperref/nameref.sty
Package: nameref 2007/05/29 v2.31 Cross-referencing by name of section

(/usr/local/texlive/2009/texmf-dist/tex/latex/oberdiek/refcount.sty
Package: refcount 2008/08/11 v3.1 Data extraction from references (HO)
)
\c@section@level=\count120
)
LaTeX Info: Redefining \ref on input line 64.
LaTeX Info: Redefining \pageref on input line 64.

(./main.out) (./main.out)
\@outlinefile=\write3
\openout3 = `main.out'.

\AtBeginShipoutBox=\box31
LaTeX Font Info:    Try loading font information for U+msa on input line 205.

(/usr/local/texlive/2009/texmf-dist/tex/latex/amsfonts/umsa.fd
File: umsa.fd 2009/06/22 v3.00 AMS symbols A
)
LaTeX Font Info:    Try loading font information for U+msb on input line 205.

(/usr/local/texlive/2009/texmf-dist/tex/latex/amsfonts/umsb.fd
File: umsb.fd 2009/06/22 v3.00 AMS symbols B
)
LaTeX Font Info:    Try loading font information for U+lasy on input line 205.

(/usr/local/texlive/2009/texmf-dist/tex/latex/base/ulasy.fd
File: ulasy.fd 1998/08/17 v2.2e LaTeX symbol font definitions
) (./abstract.tex)
(./introduction.tex <../figures/robot_close.jpg, id=83, 1284.8pt x 963.6pt>
File: ../figures/robot_close.jpg Graphic file (type jpg)

<use ../figures/robot_close.jpg>
Overfull \hbox (2.05199pt too wide) in paragraph at lines 3--3
 []|  [] 
 []

[1{/usr/local/texlive/2009/texmf-var/fonts/map/pdftex/updmap/pdftex.map}


 <../figures/robot_close.jpg>]) (./relatedWork.tex) (./paperOutline.tex)
(./problemDefinition.tex) (./platformDetails.tex
<../figures/topdown.png, id=145, 596.2275pt x 601.24625pt>
File: ../figures/topdown.png Graphic file (type png)

<use ../figures/topdown.png>
Overfull \hbox (2.05199pt too wide) in paragraph at lines 16--16
 []|  [] 
 []

pdfTeX warning (ext4): destination with the same identifier (name{page.}) has b
een already used, duplicate ignored
<to be read again> 
                   \relax 
l.28 
      [2 <../figures/topdown.png (PNG copy)>]

LaTeX Warning: Citation `quadraWeb' on page \thepage  undefined on input line 3
3.

LaTeX Font Info:    Try loading font information for T1+aett on input line 33.
(/usr/local/texlive/2009/texmf-dist/tex/latex/ae/t1aett.fd
File: t1aett.fd 1997/11/16 Font definitions for T1/aett.
)
<../figures/wiiMote_crop.jpg, id=165, 822.272pt x 401.0985pt>
File: ../figures/wiiMote_crop.jpg Graphic file (type jpg)

<use ../figures/wiiMote_crop.jpg>
<../figures/robot_led_crop.jpg, id=166, 822.272pt x 409.9315pt>
File: ../figures/robot_led_crop.jpg Graphic file (type jpg)

<use ../figures/robot_led_crop.jpg>
Underfull \vbox (badness 10000) has occurred while \output is active []

)
(./fitnessEvaluation.tex
Overfull \hbox (3.39926pt too wide) in paragraph at lines 11--12
[][][][] 
 []


Underfull \hbox (badness 10000) in paragraph at lines 11--12

 []

) (./learningMethods.tex

LaTeX Warning: `!h' float specifier changed to `!ht'.

pdfTeX warning (ext4): destination with the same identifier (name{page.}) has b
een already used, duplicate ignored
<to be read again> 
                   \relax 
l.61 
      [3 <../figures/wiiMote_crop.jpg> <../figures/robot_led_crop.jpg>]
Overfull \hbox (7.05428pt too wide) in paragraph at lines 87--92
[]\T1/aer/m/n/9 Using the SineModel5 parametrized mo-tion model de-scribed
 []


Overfull \hbox (4.28094pt too wide) in paragraph at lines 175--183
\T1/aer/m/n/9 sim-i-larly to Uni-form ran-dom hill climb-ing, ex-cept neigh-
 []

pdfTeX warning (ext4): destination with the same identifier (name{page.}) has b
een already used, duplicate ignored
<to be read again> 
                   \relax 
l.219 
       [4]
Overfull \hbox (61.49474pt too wide) in paragraph at lines 257--263
[][][][]
 []

) (./hyperNeatMethod.tex
<../figures/hyperneatExplanation.png, id=202, 1422.31375pt x 732.7375pt>
File: ../figures/hyperneatExplanation.png Graphic file (type png)

<use ../figures/hyperneatExplanation.png>
Overfull \hbox (2.05199pt too wide) in paragraph at lines 42--42
 []|  [] 
 []


Underfull \hbox (badness 2205) in paragraph at lines 42--42
[]\T1/aer/bx/n/9 Figure 4: []HyperNEAT Pro-duces ANNs from
 []

pdfTeX warning (ext4): destination with the same identifier (name{page.}) has b
een already used, duplicate ignored
<to be read again> 
                   \relax 
l.72 
      [5 <../figures/hyperneatExplanation.png>]
Overfull \hbox (8.43047pt too wide) in paragraph at lines 73--87
[]\T1/aer/m/n/9 The ANN con-fig-u-ra-tion fol-lows pre-vi-ous stud-ies that evo
lved
 []


Overfull \hbox (3.39926pt too wide) in paragraph at lines 89--90
[][][][] 
 []


Underfull \hbox (badness 10000) in paragraph at lines 89--90

 []


Overfull \hbox (21.28247pt too wide) in paragraph at lines 91--92
[][][][] 
 []

<../figures/SpiderANN.jpg, id=222, 950.55125pt x 890.32625pt>
File: ../figures/SpiderANN.jpg Graphic file (type jpg)

<use ../figures/SpiderANN.jpg>
Overfull \hbox (2.05199pt too wide) in paragraph at lines 100--100
 []|  [] 
 []

) (./results.tex
<../figures/explore_dim_1.pdf, id=226, 577.15625pt x 432.61626pt>
File: ../figures/explore_dim_1.pdf Graphic file (type pdf)

<use ../figures/explore_dim_1.pdf>
Overfull \hbox (2.05199pt too wide) in paragraph at lines 28--28
 []|  [] 
 []

<../figures/explore_dim_2.pdf, id=231, 577.15625pt x 432.61626pt>
File: ../figures/explore_dim_2.pdf Graphic file (type pdf)

<use ../figures/explore_dim_2.pdf>
Overfull \hbox (2.05199pt too wide) in paragraph at lines 31--31
 []|  [] 
 []

<../figures/explore_dim_3.pdf, id=236, 577.15625pt x 432.61626pt>
File: ../figures/explore_dim_3.pdf Graphic file (type pdf)

<use ../figures/explore_dim_3.pdf>
Overfull \hbox (2.05199pt too wide) in paragraph at lines 34--34
 []|  [] 
 []

<../figures/explore_dim_4.pdf, id=241, 577.15625pt x 432.61626pt>
File: ../figures/explore_dim_4.pdf Graphic file (type pdf)

<use ../figures/explore_dim_4.pdf>
Overfull \hbox (2.05199pt too wide) in paragraph at lines 37--37
 []|  [] 
 []

<../figures/explore_dim_5.pdf, id=246, 577.15625pt x 432.61626pt>
File: ../figures/explore_dim_5.pdf Graphic file (type pdf)

<use ../figures/explore_dim_5.pdf>
Overfull \hbox (2.05199pt too wide) in paragraph at lines 40--40
 []|  [] 
 []


Overfull \hbox (2.30014pt too wide) in paragraph at lines 46--66
\T1/aer/m/n/9 and 13.40 body lengths/minute re-spec-tively. Over-all, Nelder-
 []

pdfTeX warning (ext4): destination with the same identifier (name{page.}) has b
een already used, duplicate ignored
<to be read again> 
                   \relax 
l.66 
      [6 <../figures/SpiderANN.jpg> <../figures/explore_dim_1.pdf>]pdfTeX warni
ng (ext4): destination with the same identifier (name{page.}) has been already 
used, duplicate ignored
<to be read again> 
                   \relax 
l.66 
      [7 <../figures/explore_dim_2.pdf> <../figures/explore_dim_3.pdf> <../figu
res/explore_dim_4.pdf> <../figures/explore_dim_5.pdf>]
Overfull \hbox (14.94757pt too wide) in paragraph at lines 88--89
[][][][] 
 []

<../figures/svm_sim_results.pdf, id=280, 578.16pt x 433.62pt>
File: ../figures/svm_sim_results.pdf Graphic file (type pdf)

<use ../figures/svm_sim_results.pdf>
Overfull \hbox (2.05199pt too wide) in paragraph at lines 93--93
 []|  [] 
 []


Overfull \hbox (4.28287pt too wide) in paragraph at lines 164--170
\T1/aer/m/n/9 form ran-dom hill climb-ing at 11.37 body lengths/minute
 []


Overfull \hbox (23.76707pt too wide) in paragraph at lines 178--184
\T1/aer/m/n/9 al-go-rithms re-turned gaits of less than 5 body lengths/minute. 

 []

<../figures/vectorA.pdf, id=285, 577.15625pt x 432.61626pt>
File: ../figures/vectorA.pdf Graphic file (type pdf)

<use ../figures/vectorA.pdf>
Overfull \hbox (2.05199pt too wide) in paragraph at lines 192--192
 []|  [] 
 []

<../figures/vectorB.pdf, id=286, 577.15625pt x 432.61626pt>
File: ../figures/vectorB.pdf Graphic file (type pdf)

<use ../figures/vectorB.pdf>
Overfull \hbox (2.05199pt too wide) in paragraph at lines 199--199
 []|  [] 
 []

<../figures/vectorC.pdf, id=287, 577.15625pt x 432.61626pt>
File: ../figures/vectorC.pdf Graphic file (type pdf)

<use ../figures/vectorC.pdf>
Overfull \hbox (2.05199pt too wide) in paragraph at lines 206--206
 []|  [] 
 []

<../figures/std_error.pdf, id=289, 577.15625pt x 432.61626pt>
File: ../figures/std_error.pdf Graphic file (type pdf)

<use ../figures/std_error.pdf>pdfTeX warning (ext4): destination with the same 
identifier (name{page.}) has been already used, duplicate ignored
<to be read again> 
                   \relax 
l.241 
       [8 <../figures/svm_sim_results.pdf>]pdfTeX warning (ext4): destination w
ith the same identifier (name{page.}) has been already used, duplicate ignored
<to be read again> 
                   \relax 
l.241 
       [9 <../figures/std_error.pdf>]
<../figures/neat_110115_211410_00000_002_filt.pdf, id=331, 361.35pt x 252.945pt
>
File: ../figures/neat_110115_211410_00000_002_filt.pdf Graphic file (type pdf)
 <use ../figures/neat_110115_211410_00000_002_filt.pdf>
Overfull \hbox (2.05199pt too wide) in paragraph at lines 247--247
 []|  [] 
 []


<../figures/neat_110115_211410_00000_002_filt_zoom.pdf, id=332, 361.35pt x 252.
945pt>
File: ../figures/neat_110115_211410_00000_002_filt_zoom.pdf Graphic file (type 
pdf)
 <use ../figures/neat_110115_211410_00000_002_filt_zoom.pdf>
Overfull \hbox (2.05199pt too wide) in paragraph at lines 248--248
 []|  [] 
 []

) (./conclusion.texpdfTeX warning (ext4): destination with the same identifier 
(name{page.}) has been already used, duplicate ignored
<to be read again> 
                   \relax 
l.21 
      [10 <../figures/vectorA.pdf> <../figures/vectorB.pdf> <../figures/vectorC
.pdf> <../figures/neat_110115_211410_00000_002_filt.pdf>]) (./futureWork.tex)
(./acknowledgments.tex) (./main.bblpdfTeX warning (ext4): destination with the 
same identifier (name{page.}) has been already used, duplicate ignored
<to be read again> 
                   \relax 
l.95 
      [11 <../figures/neat_110115_211410_00000_002_filt_zoom.pdf>])pdfTeX warni
ng (ext4): destination with the same identifier (name{page.}) has been already 
used, duplicate ignored
<to be read again> 
                   \relax 
l.292 \end{document}
                     [12

] (./main.aux) ) 
Here is how much of TeX's memory you used:
 5848 strings out of 493848
 82199 string characters out of 3149207
 172660 words of memory out of 3000000
 8877 multiletter control sequences out of 15000+200000
 52530 words of font info for 71 fonts, out of 3000000 for 9000
 714 hyphenation exceptions out of 8191
 39i,11n,43p,1412b,401s stack positions out of 5000i,500n,10000p,200000b,50000s
{/usr/local/texlive/2009/texmf-dist/fonts/enc/dvips/base/8r.enc
}</usr/local/texlive/2009/texmf-dist/fonts/type1/public/amsfonts/cm/cmbx9.pfb><
/usr/local/texlive/2009/texmf-dist/fonts/type1/public/amsfonts/cm/cmbxti10.pfb>
</usr/local/texlive/2009/texmf-dist/fonts/type1/public/amsfonts/cmextra/cmex9.p
fb></usr/local/texlive/2009/texmf-dist/fonts/type1/public/amsfonts/cm/cmmi6.pfb
></usr/local/texlive/2009/texmf-dist/fonts/type1/public/amsfonts/cm/cmmi9.pfb><
/usr/local/texlive/2009/texmf-dist/fonts/type1/public/amsfonts/cm/cmr6.pfb></us
r/local/texlive/2009/texmf-dist/fonts/type1/public/amsfonts/cm/cmr9.pfb></usr/l
ocal/texlive/2009/texmf-dist/fonts/type1/public/amsfonts/cm/cmsy9.pfb></usr/loc
al/texlive/2009/texmf-dist/fonts/type1/public/amsfonts/cm/cmti9.pfb></usr/local
/texlive/2009/texmf-dist/fonts/type1/public/amsfonts/cm/cmtt9.pfb></usr/local/t
exlive/2009/texmf-dist/fonts/type1/urw/helvetic/uhvb8a.pfb></usr/local/texlive/
2009/texmf-dist/fonts/type1/urw/helvetic/uhvr8a.pfb></usr/local/texlive/2009/te
xmf-dist/fonts/type1/urw/times/utmb8a.pfb></usr/local/texlive/2009/texmf-dist/f
onts/type1/urw/times/utmr8a.pfb></usr/local/texlive/2009/texmf-dist/fonts/type1
/urw/times/utmri8a.pfb>
Output written on main.pdf (12 pages, 2091070 bytes).
PDF statistics:
 428 PDF objects out of 1000 (max. 8388607)
 64 named destinations out of 1000 (max. 500000)
 251 words of extra memory for PDF output out of 10000 (max. 10000000)

